<?xml version="1.0" encoding="UTF-8"?>
<!-- Generated by org.testng.reporters.JUnitReportReporter -->
<testsuite name="com.testNGTCs.HoverAndMouseMove" tests="1" time="16.809" ignored="0" failures="0" timestamp="29 Jan 2017 03:52:09 GMT" skipped="0" hostname="kanth" errors="0">
  <testcase name="OpenFireHD10" time="16.809" classname="com.testNGTCs.HoverAndMouseMove"/>
</testsuite> <!-- com.testNGTCs.HoverAndMouseMove -->
