<?xml version="1.0" encoding="UTF-8"?>
<!-- Generated by org.testng.reporters.JUnitReportReporter -->
<testsuite name="com.testNGTCs.DepartmentOptions" tests="1" time="9.433" ignored="0" failures="0" timestamp="03 Jan 2017 04:40:11 GMT" skipped="0" hostname="kanth" errors="0">
  <testcase name="departmentOptionsMethod" time="9.433" classname="com.testNGTCs.DepartmentOptions"/>
</testsuite> <!-- com.testNGTCs.DepartmentOptions -->
